<?xml version="1.0" encoding="UTF-8"?>
<testsuite xmlns:xsi="http://www.w3.org/2001/XMLSchema-instance" xsi:noNamespaceSchemaLocation="https://maven.apache.org/surefire/maven-surefire-plugin/xsd/surefire-test-report-3.0.xsd" version="3.0" name="com.app.foodexpiry.service.FoodServiceTest" time="0.172" tests="19" errors="0" skipped="0" failures="0">
  <properties>
[...]
</properties>
  <testcase name="testFoodItemDTOValidation" classname="com.app.foodexpiry.service.FoodServiceTest" time="0.015"/>
  <testcase name="testFormatDate_Null" classname="com.app.foodexpiry.service.FoodServiceTest" time="0.0"/>
  <testcase name="testParseDate_NullValue" classname="com.app.foodexpiry.service.FoodServiceTest" time="0.0"/>
  <testcase name="testFoodItemModel" classname="com.app.foodexpiry.service.FoodServiceTest" time="0.004"/>
  <testcase name="testValidationUtil_Email" classname="com.app.foodexpiry.service.FoodServiceTest" time="0.002"/>
  <testcase name="testFormatDate" classname="com.app.foodexpiry.service.FoodServiceTest" time="0.0"/>
  <testcase name="testExpiryCalculation_Expired" classname="com.app.foodexpiry.service.FoodServiceTest" time="0.007"/>
  <testcase name="testGetStatusBadgeClass" classname="com.app.foodexpiry.service.FoodServiceTest" time="0.0"/>
  <testcase name="testParseDate_InvalidFormat_Empty" classname="com.app.foodexpiry.service.FoodServiceTest" time="0.003"/>
  <testcase name="testGetDaysRemainingText" classname="com.app.foodexpiry.service.FoodServiceTest" time="0.0"/>
  <testcase name="testCalculateExpiryStatus_NullDate" classname="com.app.foodexpiry.service.FoodServiceTest" time="0.0"/>
  <testcase name="testCalculateExpiryStatus_NullItem" classname="com.app.foodexpiry.service.FoodServiceTest" time="0.002"/>
  <testcase name="testParseDate_ValidDate" classname="com.app.foodexpiry.service.FoodServiceTest" time="0.002"/>
  <testcase name="testExpiryCalculation_ExactDay" classname="com.app.foodexpiry.service.FoodServiceTest" time="0.001"/>
  <testcase name="testParseDate_InvalidFormat_Text" classname="com.app.foodexpiry.service.FoodServiceTest" time="0.0"/>
  <testcase name="testExpiryCalculation_Safe" classname="com.app.foodexpiry.service.FoodServiceTest" time="0.002"/>
  <testcase name="testParseDate_InvalidFormat_WrongSeparator" classname="com.app.foodexpiry.service.FoodServiceTest" time="0.0"/>
  <testcase name="testExpiryCalculation_ExpiringSoon" classname="com.app.foodexpiry.service.FoodServiceTest" time="0.0"/>
  <testcase name="testGetStatusText" classname="com.app.foodexpiry.service.FoodServiceTest" time="0.0"/>
</testsuite>